<?xml version="1.0" encoding="UTF-8"?>
<!-- Generated by org.testng.reporters.JUnitReportReporter -->
<testsuite skipped="0" hostname="SAJIDs-MBP.fios-router.home" name="screenshot.SimpleShotTest" tests="1" failures="0" timestamp="2021-06-23T02:00:01 EDT" time="4.119" errors="0">
  <testcase name="takeScreenshotTest" time="4.119" classname="screenshot.SimpleShotTest"/>
  <system-out/>
</testsuite> <!-- screenshot.SimpleShotTest -->
